<?xml version="1.0" encoding="UTF-8"?>
<!-- Generated by org.testng.reporters.JUnitReportReporter -->
<testsuite hostname="Vishwajits-MacBook-Pro.local" failures="0" tests="1" name="testcase.logintestcase" time="5.509" errors="0" timestamp="2024-01-12T18:00:25 IST" skipped="0">
  <testcase classname="testcase.logintestcase" name="validlogintestcase" time="5.509"/>
</testsuite> <!-- testcase.logintestcase -->
