<?xml version="1.0" encoding="UTF-8"?>
<!-- Generated by org.testng.reporters.JUnitReportReporter -->
<testsuite hostname="Vishwajits-MacBook-Pro.local" failures="0" tests="1" name="testcase.testcase" time="16.657" errors="0" timestamp="2024-01-09T12:23:17 IST" skipped="0">
  <testcase classname="testcase.testcase" name="resgistertestcase" time="16.657"/>
</testsuite> <!-- testcase.testcase -->
